<?xml version="1.0" encoding="UTF-8"?>
<!-- Generated by org.testng.reporters.JUnitReportReporter -->
<testsuite hostname="Admin" failures="0" tests="1" name="tests.PipelineTests" time="203.223" errors="0" timestamp="2022-08-03T15:56:11 IST" skipped="0">
  <testcase classname="tests.PipelineTests" name="CreatePipeline" time="203.223"/>
  <system-out/>
</testsuite> <!-- tests.PipelineTests -->
