<?xml version="1.0" encoding="UTF-8"?>
<!-- Generated by org.testng.reporters.JUnitReportReporter -->
<testsuite hostname="LAPTOP-JSONPRPA" failures="0" tests="1" name="tests.LoginTests" time="42.652" errors="0" timestamp="2022-07-21T14:24:33 IST" skipped="0">
  <testcase classname="tests.LoginTests" name="validLoginTest" time="42.652"/>
  <system-out/>
</testsuite> <!-- tests.LoginTests -->
