<?xml version="1.0" encoding="UTF-8"?>
<!-- Generated by org.testng.reporters.JUnitReportReporter -->
<testsuite hostname="LAPTOP-JSONPRPA" failures="0" tests="1" name="tests.PipelineTests" time="200.596" errors="0" timestamp="2022-07-21T15:11:16 IST" skipped="0">
  <testcase classname="tests.PipelineTests" name="CreatePipeline" time="200.596"/>
  <system-out/>
</testsuite> <!-- tests.PipelineTests -->
