<?xml version="1.0" encoding="UTF-8"?>
<!-- Generated by org.testng.reporters.JUnitReportReporter -->
<testsuite hostname="Admin" failures="0" tests="1" name="tests.LoginTests" time="65.001" errors="0" timestamp="2022-08-03T15:52:00 IST" skipped="0">
  <testcase classname="tests.LoginTests" name="validLoginTest" time="65.001"/>
  <system-out/>
</testsuite> <!-- tests.LoginTests -->
