<?xml version="1.0" encoding="UTF-8"?>
<!-- Generated by org.testng.reporters.JUnitReportReporter -->
<testsuite hostname="Admin" failures="0" tests="1" name="tests.EditEquipmentTest" time="148.020" errors="0" timestamp="2022-08-16T15:27:03 IST" skipped="0">
  <testcase classname="tests.EditEquipmentTest" name="EditEquipment" time="148.020"/>
  <system-out/>
</testsuite> <!-- tests.EditEquipmentTest -->
